Tue, 03 Apr 2018 14:22:13 +0300 [WARNING] request="8da534282fe94" component="TYPO3.CMS.Core.Utility.ExtensionManagementUtility": TYPO3\CMS\Core\Category\CategoryRegistry: no category registered for table "pages". Key was already registered. 
Tue, 03 Apr 2018 14:22:13 +0300 [WARNING] request="8da534282fe94" component="TYPO3.CMS.Core.Utility.ExtensionManagementUtility": TYPO3\CMS\Core\Category\CategoryRegistry: no category registered for table "sys_file_metadata". Key was already registered. 
Tue, 03 Apr 2018 14:22:13 +0300 [WARNING] request="8da534282fe94" component="TYPO3.CMS.Core.Utility.ExtensionManagementUtility": TYPO3\CMS\Core\Category\CategoryRegistry: no category registered for table "tt_content". Key was already registered. 
Tue, 03 Apr 2018 15:19:22 +0300 [WARNING] request="10cb46e566dab" component="TYPO3.CMS.Core.Utility.ExtensionManagementUtility": TYPO3\CMS\Core\Category\CategoryRegistry: no category registered for table "pages". Key was already registered. 
Tue, 03 Apr 2018 15:19:22 +0300 [WARNING] request="10cb46e566dab" component="TYPO3.CMS.Core.Utility.ExtensionManagementUtility": TYPO3\CMS\Core\Category\CategoryRegistry: no category registered for table "sys_file_metadata". Key was already registered. 
Tue, 03 Apr 2018 15:19:22 +0300 [WARNING] request="10cb46e566dab" component="TYPO3.CMS.Core.Utility.ExtensionManagementUtility": TYPO3\CMS\Core\Category\CategoryRegistry: no category registered for table "tt_content". Key was already registered. 
Tue, 03 Apr 2018 16:33:16 +0300 [WARNING] request="e99869296e61f" component="TYPO3.CMS.Core.Utility.ExtensionManagementUtility": TYPO3\CMS\Core\Category\CategoryRegistry: no category registered for table "pages". Key was already registered. 
Tue, 03 Apr 2018 16:33:16 +0300 [WARNING] request="e99869296e61f" component="TYPO3.CMS.Core.Utility.ExtensionManagementUtility": TYPO3\CMS\Core\Category\CategoryRegistry: no category registered for table "sys_file_metadata". Key was already registered. 
Tue, 03 Apr 2018 16:33:16 +0300 [WARNING] request="e99869296e61f" component="TYPO3.CMS.Core.Utility.ExtensionManagementUtility": TYPO3\CMS\Core\Category\CategoryRegistry: no category registered for table "tt_content". Key was already registered. 
Tue, 03 Apr 2018 16:55:27 +0300 [WARNING] request="c0fa9e46c3f71" component="TYPO3.CMS.Core.Utility.ExtensionManagementUtility": TYPO3\CMS\Core\Category\CategoryRegistry: no category registered for table "pages". Key was already registered. 
Tue, 03 Apr 2018 16:55:27 +0300 [WARNING] request="c0fa9e46c3f71" component="TYPO3.CMS.Core.Utility.ExtensionManagementUtility": TYPO3\CMS\Core\Category\CategoryRegistry: no category registered for table "sys_file_metadata". Key was already registered. 
Tue, 03 Apr 2018 16:55:27 +0300 [WARNING] request="c0fa9e46c3f71" component="TYPO3.CMS.Core.Utility.ExtensionManagementUtility": TYPO3\CMS\Core\Category\CategoryRegistry: no category registered for table "tt_content". Key was already registered. 
Wed, 04 Apr 2018 09:15:43 +0300 [WARNING] request="3358509787ac2" component="TYPO3.CMS.Core.Utility.ExtensionManagementUtility": TYPO3\CMS\Core\Category\CategoryRegistry: no category registered for table "pages". Key was already registered. 
Wed, 04 Apr 2018 09:15:43 +0300 [WARNING] request="3358509787ac2" component="TYPO3.CMS.Core.Utility.ExtensionManagementUtility": TYPO3\CMS\Core\Category\CategoryRegistry: no category registered for table "sys_file_metadata". Key was already registered. 
Wed, 04 Apr 2018 09:15:43 +0300 [WARNING] request="3358509787ac2" component="TYPO3.CMS.Core.Utility.ExtensionManagementUtility": TYPO3\CMS\Core\Category\CategoryRegistry: no category registered for table "tt_content". Key was already registered. 
Wed, 04 Apr 2018 12:01:39 +0300 [WARNING] request="581a7e4136a17" component="TYPO3.CMS.Core.Utility.ExtensionManagementUtility": TYPO3\CMS\Core\Category\CategoryRegistry: no category registered for table "pages". Key was already registered. 
Wed, 04 Apr 2018 12:01:39 +0300 [WARNING] request="581a7e4136a17" component="TYPO3.CMS.Core.Utility.ExtensionManagementUtility": TYPO3\CMS\Core\Category\CategoryRegistry: no category registered for table "sys_file_metadata". Key was already registered. 
Wed, 04 Apr 2018 12:01:39 +0300 [WARNING] request="581a7e4136a17" component="TYPO3.CMS.Core.Utility.ExtensionManagementUtility": TYPO3\CMS\Core\Category\CategoryRegistry: no category registered for table "tt_content". Key was already registered. 
Wed, 04 Apr 2018 12:11:32 +0300 [WARNING] request="ea1965fffe1e9" component="TYPO3.CMS.Core.Utility.ExtensionManagementUtility": TYPO3\CMS\Core\Category\CategoryRegistry: no category registered for table "pages". Key was already registered. 
Wed, 04 Apr 2018 12:11:32 +0300 [WARNING] request="ea1965fffe1e9" component="TYPO3.CMS.Core.Utility.ExtensionManagementUtility": TYPO3\CMS\Core\Category\CategoryRegistry: no category registered for table "sys_file_metadata". Key was already registered. 
Wed, 04 Apr 2018 12:11:32 +0300 [WARNING] request="ea1965fffe1e9" component="TYPO3.CMS.Core.Utility.ExtensionManagementUtility": TYPO3\CMS\Core\Category\CategoryRegistry: no category registered for table "tt_content". Key was already registered. 
Thu, 05 Apr 2018 09:05:37 +0300 [WARNING] request="f8276b1747aaf" component="TYPO3.CMS.Core.Utility.ExtensionManagementUtility": TYPO3\CMS\Core\Category\CategoryRegistry: no category registered for table "pages". Key was already registered. 
Thu, 05 Apr 2018 09:05:37 +0300 [WARNING] request="f8276b1747aaf" component="TYPO3.CMS.Core.Utility.ExtensionManagementUtility": TYPO3\CMS\Core\Category\CategoryRegistry: no category registered for table "sys_file_metadata". Key was already registered. 
Thu, 05 Apr 2018 09:05:37 +0300 [WARNING] request="f8276b1747aaf" component="TYPO3.CMS.Core.Utility.ExtensionManagementUtility": TYPO3\CMS\Core\Category\CategoryRegistry: no category registered for table "tt_content". Key was already registered. 
Thu, 05 Apr 2018 09:12:47 +0300 [WARNING] request="98f9ea6b7891e" component="TYPO3.CMS.Core.Utility.ExtensionManagementUtility": TYPO3\CMS\Core\Category\CategoryRegistry: no category registered for table "pages". Key was already registered. 
Thu, 05 Apr 2018 09:12:47 +0300 [WARNING] request="98f9ea6b7891e" component="TYPO3.CMS.Core.Utility.ExtensionManagementUtility": TYPO3\CMS\Core\Category\CategoryRegistry: no category registered for table "sys_file_metadata". Key was already registered. 
Thu, 05 Apr 2018 09:12:47 +0300 [WARNING] request="98f9ea6b7891e" component="TYPO3.CMS.Core.Utility.ExtensionManagementUtility": TYPO3\CMS\Core\Category\CategoryRegistry: no category registered for table "tt_content". Key was already registered. 
Thu, 05 Apr 2018 09:13:41 +0300 [WARNING] request="f65a7d49d449e" component="TYPO3.CMS.Core.Utility.ExtensionManagementUtility": TYPO3\CMS\Core\Category\CategoryRegistry: no category registered for table "pages". Key was already registered. 
Thu, 05 Apr 2018 09:13:41 +0300 [WARNING] request="f65a7d49d449e" component="TYPO3.CMS.Core.Utility.ExtensionManagementUtility": TYPO3\CMS\Core\Category\CategoryRegistry: no category registered for table "sys_file_metadata". Key was already registered. 
Thu, 05 Apr 2018 09:13:41 +0300 [WARNING] request="f65a7d49d449e" component="TYPO3.CMS.Core.Utility.ExtensionManagementUtility": TYPO3\CMS\Core\Category\CategoryRegistry: no category registered for table "tt_content". Key was already registered. 
Thu, 05 Apr 2018 09:16:56 +0300 [WARNING] request="6220a80220b3a" component="TYPO3.CMS.Core.Utility.ExtensionManagementUtility": TYPO3\CMS\Core\Category\CategoryRegistry: no category registered for table "pages". Key was already registered. 
Thu, 05 Apr 2018 09:16:56 +0300 [WARNING] request="6220a80220b3a" component="TYPO3.CMS.Core.Utility.ExtensionManagementUtility": TYPO3\CMS\Core\Category\CategoryRegistry: no category registered for table "sys_file_metadata". Key was already registered. 
Thu, 05 Apr 2018 09:16:56 +0300 [WARNING] request="6220a80220b3a" component="TYPO3.CMS.Core.Utility.ExtensionManagementUtility": TYPO3\CMS\Core\Category\CategoryRegistry: no category registered for table "tt_content". Key was already registered. 
Thu, 05 Apr 2018 09:18:35 +0300 [WARNING] request="34b2ff6580147" component="TYPO3.CMS.Core.Utility.ExtensionManagementUtility": TYPO3\CMS\Core\Category\CategoryRegistry: no category registered for table "pages". Key was already registered. 
Thu, 05 Apr 2018 09:18:35 +0300 [WARNING] request="34b2ff6580147" component="TYPO3.CMS.Core.Utility.ExtensionManagementUtility": TYPO3\CMS\Core\Category\CategoryRegistry: no category registered for table "sys_file_metadata". Key was already registered. 
Thu, 05 Apr 2018 09:18:35 +0300 [WARNING] request="34b2ff6580147" component="TYPO3.CMS.Core.Utility.ExtensionManagementUtility": TYPO3\CMS\Core\Category\CategoryRegistry: no category registered for table "tt_content". Key was already registered. 
Thu, 05 Apr 2018 09:20:24 +0300 [WARNING] request="194a6c7a6743c" component="TYPO3.CMS.Core.Utility.ExtensionManagementUtility": TYPO3\CMS\Core\Category\CategoryRegistry: no category registered for table "pages". Key was already registered. 
Thu, 05 Apr 2018 09:20:24 +0300 [WARNING] request="194a6c7a6743c" component="TYPO3.CMS.Core.Utility.ExtensionManagementUtility": TYPO3\CMS\Core\Category\CategoryRegistry: no category registered for table "sys_file_metadata". Key was already registered. 
Thu, 05 Apr 2018 09:20:24 +0300 [WARNING] request="194a6c7a6743c" component="TYPO3.CMS.Core.Utility.ExtensionManagementUtility": TYPO3\CMS\Core\Category\CategoryRegistry: no category registered for table "tt_content". Key was already registered. 
Thu, 05 Apr 2018 09:21:21 +0300 [WARNING] request="0cb0c70099266" component="TYPO3.CMS.Core.Utility.ExtensionManagementUtility": TYPO3\CMS\Core\Category\CategoryRegistry: no category registered for table "pages". Key was already registered. 
Thu, 05 Apr 2018 09:21:21 +0300 [WARNING] request="0cb0c70099266" component="TYPO3.CMS.Core.Utility.ExtensionManagementUtility": TYPO3\CMS\Core\Category\CategoryRegistry: no category registered for table "sys_file_metadata". Key was already registered. 
Thu, 05 Apr 2018 09:21:21 +0300 [WARNING] request="0cb0c70099266" component="TYPO3.CMS.Core.Utility.ExtensionManagementUtility": TYPO3\CMS\Core\Category\CategoryRegistry: no category registered for table "tt_content". Key was already registered. 
Thu, 05 Apr 2018 09:23:45 +0300 [WARNING] request="10e8906efb213" component="TYPO3.CMS.Core.Utility.ExtensionManagementUtility": TYPO3\CMS\Core\Category\CategoryRegistry: no category registered for table "pages". Key was already registered. 
Thu, 05 Apr 2018 09:23:45 +0300 [WARNING] request="10e8906efb213" component="TYPO3.CMS.Core.Utility.ExtensionManagementUtility": TYPO3\CMS\Core\Category\CategoryRegistry: no category registered for table "sys_file_metadata". Key was already registered. 
Thu, 05 Apr 2018 09:23:45 +0300 [WARNING] request="10e8906efb213" component="TYPO3.CMS.Core.Utility.ExtensionManagementUtility": TYPO3\CMS\Core\Category\CategoryRegistry: no category registered for table "tt_content". Key was already registered. 
Thu, 05 Apr 2018 10:00:50 +0300 [WARNING] request="a376fd6fb98d2" component="TYPO3.CMS.Core.Utility.ExtensionManagementUtility": TYPO3\CMS\Core\Category\CategoryRegistry: no category registered for table "pages". Key was already registered. 
Thu, 05 Apr 2018 10:00:50 +0300 [WARNING] request="a376fd6fb98d2" component="TYPO3.CMS.Core.Utility.ExtensionManagementUtility": TYPO3\CMS\Core\Category\CategoryRegistry: no category registered for table "sys_file_metadata". Key was already registered. 
Thu, 05 Apr 2018 10:00:50 +0300 [WARNING] request="a376fd6fb98d2" component="TYPO3.CMS.Core.Utility.ExtensionManagementUtility": TYPO3\CMS\Core\Category\CategoryRegistry: no category registered for table "tt_content". Key was already registered. 
